#
# There is insufficient memory for the Java Runtime Environment to continue.
# Native memory allocation (mmap) failed to map 8388608 bytes for G1 virtual space
# Possible reasons:
#   The system is out of physical RAM or swap space
#   The process is running with CompressedOops enabled, and the Java Heap may be blocking the growth of the native heap
# Possible solutions:
#   Reduce memory load on the system
#   Increase physical memory or swap space
#   Check if swap backing store is full
#   Decrease Java heap size (-Xmx/-Xms)
#   Decrease number of Java threads
#   Decrease Java thread stack sizes (-Xss)
#   Set larger code cache with -XX:ReservedCodeCacheSize=
#   JVM is running with Unscaled Compressed Oops mode in which the Java heap is
#     placed in the first 4GB address space. The Java Heap base address is the
#     maximum limit for the native heap growth. Please use -XX:HeapBaseMinAddress
#     to set the Java Heap base and to place the Java Heap above 4GB virtual address.
# This output file may be truncated or incomplete.
#
#  Out of Memory Error (os_windows.cpp:3604), pid=21016, tid=7116
#
# JRE version: Java(TM) SE Runtime Environment (21.0.10+8) (build 21.0.10+8-LTS-217)
# Java VM: Java HotSpot(TM) 64-Bit Server VM (21.0.10+8-LTS-217, mixed mode, emulated-client, sharing, tiered, compressed oops, compressed class ptrs, g1 gc, windows-amd64)
# No core dump will be written. Minidumps are not enabled by default on client versions of Windows
#

---------------  S U M M A R Y ------------

Command Line: -XX:TieredStopAtLevel=1 com.inmobiliaria.notification_service.Application

Host: Intel(R) Core(TM) i5-10300H CPU @ 2.50GHz, 8 cores, 7G,  Windows 11 , 64 bit Build 26100 (10.0.26100.8246)
Time: Thu Apr 30 04:33:30 2026 SA Western Standard Time elapsed time: 3792.479007 seconds (0d 1h 3m 12s)

---------------  T H R E A D  ---------------

Current thread (0x000002d38fc3fde0):  VMThread "VM Thread"          [id=7116, stack(0x000000dc0fd00000,0x000000dc0fe00000) (1024K)]

Stack: [0x000000dc0fd00000,0x000000dc0fe00000]
Native frames: (J=compiled Java code, j=interpreted, Vv=VM code, C=native code)
V  [jvm.dll+0x6d0b59]
V  [jvm.dll+0x85fd56]
V  [jvm.dll+0x86224e]
V  [jvm.dll+0x862923]
V  [jvm.dll+0x282a16]
V  [jvm.dll+0x6cd405]
V  [jvm.dll+0x6c1f8a]
V  [jvm.dll+0x35bcc8]
V  [jvm.dll+0x363986]
V  [jvm.dll+0x3b4a3e]
V  [jvm.dll+0x3b4ce8]
V  [jvm.dll+0x32f98c]
V  [jvm.dll+0x3321b6]
V  [jvm.dll+0x33c5ca]
V  [jvm.dll+0x371d0f]
V  [jvm.dll+0x86861f]
V  [jvm.dll+0x8699ac]
V  [jvm.dll+0x869ee1]
V  [jvm.dll+0x86a183]
V  [jvm.dll+0x80a83d]
V  [jvm.dll+0x6cf3fd]
C  [ucrtbase.dll+0x37b0]
C  [KERNEL32.DLL+0x2e8d7]
C  [ntdll.dll+0x8c3fc]

VM_Operation (0x000000dc0f8ff630): G1PauseRemark, mode: safepoint, requested by thread 0x000002d3fd511c90


---------------  P R O C E S S  ---------------

Threads class SMR info:
_java_thread_list=0x000002d3d63ffea0, length=38, elements={
0x000002d38fc5e4e0, 0x000002d38fc61100, 0x000002d38fc64380, 0x000002d38fc68550,
0x000002d38fc67ec0, 0x000002d38fc68be0, 0x000002d38fc6d2b0, 0x000002d38fc69270,
0x000002d38fc69f90, 0x000002d3d734e4e0, 0x000002d3d734d7c0, 0x000002d3d76dfbf0,
0x000002d3d76dc770, 0x000002d3d76deed0, 0x000002d3d76df560, 0x000002d3d76dce00,
0x000002d3d76e3d90, 0x000002d3d76e0910, 0x000002d3d76e1cc0, 0x000002d3d76e3070,
0x000002d3d76e1630, 0x000002d3d76e2350, 0x000002d3d734caa0, 0x000002d3d734bd80,
0x000002d3d734d130, 0x000002d3d734b060, 0x000002d3d734eb70, 0x000002d3d734de50,
0x000002d3d734b6f0, 0x000002d3d734c410, 0x000002d3d73512d0, 0x000002d3d7350c40,
0x000002d3d7351960, 0x000002d3d7351ff0, 0x000002d3d7352680, 0x000002d3d734f200,
0x000002d3d734f890, 0x000002d3d734ff20
}

Java Threads: ( => current thread )
  0x000002d38fc5e4e0 JavaThread "Reference Handler"          daemon [_thread_blocked, id=14272, stack(0x000000dc0fe00000,0x000000dc0ff00000) (1024K)]
  0x000002d38fc61100 JavaThread "Finalizer"                  daemon [_thread_blocked, id=22068, stack(0x000000dc0ff00000,0x000000dc10000000) (1024K)]
  0x000002d38fc64380 JavaThread "Signal Dispatcher"          daemon [_thread_blocked, id=3872, stack(0x000000dc10000000,0x000000dc10100000) (1024K)]
  0x000002d38fc68550 JavaThread "Attach Listener"            daemon [_thread_blocked, id=2836, stack(0x000000dc10100000,0x000000dc10200000) (1024K)]
  0x000002d38fc67ec0 JavaThread "Service Thread"             daemon [_thread_blocked, id=17272, stack(0x000000dc10200000,0x000000dc10300000) (1024K)]
  0x000002d38fc68be0 JavaThread "Monitor Deflation Thread"   daemon [_thread_blocked, id=1820, stack(0x000000dc10300000,0x000000dc10400000) (1024K)]
  0x000002d38fc6d2b0 JavaThread "C1 CompilerThread0"         daemon [_thread_blocked, id=15812, stack(0x000000dc10400000,0x000000dc10500000) (1024K)]
  0x000002d38fc69270 JavaThread "Notification Thread"        daemon [_thread_blocked, id=8864, stack(0x000000dc10600000,0x000000dc10700000) (1024K)]
  0x000002d38fc69f90 JavaThread "Common-Cleaner"             daemon [_thread_blocked, id=4116, stack(0x000000dc10700000,0x000000dc10800000) (1024K)]
  0x000002d3d734e4e0 JavaThread "BufferPoolPruner-1-thread-1" daemon [_thread_blocked, id=22540, stack(0x000000dc11700000,0x000000dc11800000) (1024K)]
  0x000002d3d734d7c0 JavaThread "spectator-gauge-polling-0"  daemon [_thread_blocked, id=24948, stack(0x000000dc10900000,0x000000dc10a00000) (1024K)]
  0x000002d3d76dfbf0 JavaThread "DestroyJavaVM"                     [_thread_blocked, id=9492, stack(0x000000dc0f600000,0x000000dc0f700000) (1024K)]
  0x000002d3d76dc770 JavaThread "File Watcher"               daemon [_thread_blocked, id=30612, stack(0x000000dc10500000,0x000000dc10600000) (1024K)]
  0x000002d3d76deed0 JavaThread "Catalina-utility-1"                [_thread_blocked, id=21052, stack(0x000000dc0f400000,0x000000dc0f500000) (1024K)]
  0x000002d3d76df560 JavaThread "Catalina-utility-2"                [_thread_blocked, id=27208, stack(0x000000dc11000000,0x000000dc11100000) (1024K)]
  0x000002d3d76dce00 JavaThread "container-1"                       [_thread_blocked, id=29760, stack(0x000000dc11100000,0x000000dc11200000) (1024K)]
  0x000002d3d76e3d90 JavaThread "cluster-ClusterId{value='69f312c09cd22b4b1ce7b218', description='null'}-localhost:27017" daemon [_thread_blocked, id=27760, stack(0x000000dc11200000,0x000000dc11300000) (1024K)]
  0x000002d3d76e0910 JavaThread "cluster-rtt-ClusterId{value='69f312c09cd22b4b1ce7b218', description='null'}-localhost:27017" daemon [_thread_blocked, id=26604, stack(0x000000dc11400000,0x000000dc11500000) (1024K)]
  0x000002d3d76e1cc0 JavaThread "MaintenanceTimer-4-thread-1" daemon [_thread_blocked, id=29684, stack(0x000000dc11600000,0x000000dc11700000) (1024K)]
  0x000002d3d76e3070 JavaThread "File Watcher"               daemon [_thread_blocked, id=24568, stack(0x000000dc11a00000,0x000000dc11b00000) (1024K)]
  0x000002d3d76e1630 JavaThread "AsyncResolver-bootstrap-%d" daemon [_thread_blocked, id=13820, stack(0x000000dc11b00000,0x000000dc11c00000) (1024K)]
  0x000002d3d76e2350 JavaThread "DiscoveryClient-%d"         daemon [_thread_blocked, id=30436, stack(0x000000dc11c00000,0x000000dc11d00000) (1024K)]
  0x000002d3d734caa0 JavaThread "DiscoveryClient-%d"         daemon [_thread_blocked, id=22780, stack(0x000000dc11d00000,0x000000dc11e00000) (1024K)]
  0x000002d3d734bd80 JavaThread "DiscoveryClient-InstanceInfoReplicator-%d" daemon [_thread_blocked, id=15828, stack(0x000000dc11e00000,0x000000dc11f00000) (1024K)]
  0x000002d3d734d130 JavaThread "http-nio-8083-exec-1"       daemon [_thread_blocked, id=22916, stack(0x000000dc11f00000,0x000000dc12000000) (1024K)]
  0x000002d3d734b060 JavaThread "http-nio-8083-exec-2"       daemon [_thread_blocked, id=2664, stack(0x000000dc12000000,0x000000dc12100000) (1024K)]
  0x000002d3d734eb70 JavaThread "http-nio-8083-exec-3"       daemon [_thread_blocked, id=30360, stack(0x000000dc12100000,0x000000dc12200000) (1024K)]
  0x000002d3d734de50 JavaThread "http-nio-8083-exec-4"       daemon [_thread_blocked, id=29944, stack(0x000000dc12200000,0x000000dc12300000) (1024K)]
  0x000002d3d734b6f0 JavaThread "http-nio-8083-exec-5"       daemon [_thread_blocked, id=25692, stack(0x000000dc12300000,0x000000dc12400000) (1024K)]
  0x000002d3d734c410 JavaThread "http-nio-8083-exec-6"       daemon [_thread_blocked, id=27980, stack(0x000000dc12400000,0x000000dc12500000) (1024K)]
  0x000002d3d73512d0 JavaThread "http-nio-8083-exec-7"       daemon [_thread_blocked, id=11940, stack(0x000000dc12500000,0x000000dc12600000) (1024K)]
  0x000002d3d7350c40 JavaThread "http-nio-8083-exec-8"       daemon [_thread_blocked, id=29616, stack(0x000000dc12600000,0x000000dc12700000) (1024K)]
  0x000002d3d7351960 JavaThread "http-nio-8083-exec-9"       daemon [_thread_blocked, id=21500, stack(0x000000dc12700000,0x000000dc12800000) (1024K)]
  0x000002d3d7351ff0 JavaThread "http-nio-8083-exec-10"      daemon [_thread_blocked, id=30192, stack(0x000000dc12800000,0x000000dc12900000) (1024K)]
  0x000002d3d7352680 JavaThread "http-nio-8083-Poller"       daemon [_thread_blocked, id=27292, stack(0x000000dc12900000,0x000000dc12a00000) (1024K)]
  0x000002d3d734f200 JavaThread "http-nio-8083-Acceptor"     daemon [_thread_in_native, id=28864, stack(0x000000dc12a00000,0x000000dc12b00000) (1024K)]
  0x000002d3d734f890 JavaThread "DiscoveryClient-HeartbeatExecutor-%d" daemon [_thread_blocked, id=27984, stack(0x000000dc0f300000,0x000000dc0f400000) (1024K)]
  0x000002d3d734ff20 JavaThread "DiscoveryClient-CacheRefreshExecutor-%d" daemon [_thread_blocked, id=26924, stack(0x000000dc0f500000,0x000000dc0f600000) (1024K)]
Total: 38

Other Threads:
=>0x000002d38fc3fde0 VMThread "VM Thread"                           [id=7116, stack(0x000000dc0fd00000,0x000000dc0fe00000) (1024K)]
  0x000002d38fc2c9a0 WatcherThread "VM Periodic Task Thread"        [id=11696, stack(0x000000dc0fc00000,0x000000dc0fd00000) (1024K)]
  0x000002d3fd4ff2d0 WorkerThread "GC Thread#0"                     [id=18856, stack(0x000000dc0f700000,0x000000dc0f800000) (1024K)]
  0x000002d3d57755b0 WorkerThread "GC Thread#1"                     [id=5116, stack(0x000000dc10a00000,0x000000dc10b00000) (1024K)]
  0x000002d3d5784890 WorkerThread "GC Thread#2"                     [id=24300, stack(0x000000dc10b00000,0x000000dc10c00000) (1024K)]
  0x000002d3d5b06cf0 WorkerThread "GC Thread#3"                     [id=23572, stack(0x000000dc10c00000,0x000000dc10d00000) (1024K)]
  0x000002d3d5bcd3e0 WorkerThread "GC Thread#4"                     [id=3516, stack(0x000000dc10d00000,0x000000dc10e00000) (1024K)]
  0x000002d3d5bcd790 WorkerThread "GC Thread#5"                     [id=5196, stack(0x000000dc10e00000,0x000000dc10f00000) (1024K)]
  0x000002d3d5bcdb40 WorkerThread "GC Thread#6"                     [id=24140, stack(0x000000dc10f00000,0x000000dc11000000) (1024K)]
  0x000002d3d5e8a090 WorkerThread "GC Thread#7"                     [id=7432, stack(0x000000dc11300000,0x000000dc11400000) (1024K)]
  0x000002d3fd511c90 ConcurrentGCThread "G1 Main Marker"            [id=11204, stack(0x000000dc0f800000,0x000000dc0f900000) (1024K)]
  0x000002d3fd5137b0 WorkerThread "G1 Conc#0"                       [id=14808, stack(0x000000dc0f900000,0x000000dc0fa00000) (1024K)]
  0x000002d3d64ad4e0 WorkerThread "G1 Conc#1"                       [id=23176, stack(0x000000dc11500000,0x000000dc11600000) (1024K)]
  0x000002d38faf4200 ConcurrentGCThread "G1 Refine#0"               [id=23064, stack(0x000000dc0fa00000,0x000000dc0fb00000) (1024K)]
  0x000002d38faf4b90 ConcurrentGCThread "G1 Service"                [id=17908, stack(0x000000dc0fb00000,0x000000dc0fc00000) (1024K)]
Total: 15

Threads with active compile tasks:
Total: 0

VM state: at safepoint (normal execution)

VM Mutex/Monitor currently owned by a thread:  ([mutex/lock_event])
[0x00007ffaf0ff9f10] Threads_lock - owner thread: 0x000002d38fc3fde0
[0x00007ffaf0ffa010] Heap_lock - owner thread: 0x000002d3fd511c90

Heap address: 0x0000000083200000, size: 1998 MB, Compressed Oops mode: 32-bit

CDS archive(s) mapped at: [0x000002d390000000-0x000002d390c90000-0x000002d390c90000), size 13172736, SharedBaseAddress: 0x000002d390000000, ArchiveRelocationMode: 1.
Compressed class space mapped at: 0x000002d391000000-0x000002d3d1000000, reserved size: 1073741824
Narrow klass base: 0x000002d390000000, Narrow klass shift: 0, Narrow klass range: 0x100000000

GC Precious Log:
 CardTable entry size: 512
 Card Set container configuration: InlinePtr #cards 5 size 8 Array Of Cards #cards 12 size 40 Howl #buckets 4 coarsen threshold 1843 Howl Bitmap #cards 512 size 80 coarsen threshold 460 Card regions per heap region 1 cards per card region 2048
 CPUs: 8 total, 8 available
 Memory: 7985M
 Large Page Support: Disabled
 NUMA Support: Disabled
 Compressed Oops: Enabled (32-bit)
 Heap Region Size: 1M
 Heap Min Capacity: 8M
 Heap Initial Capacity: 126M
 Heap Max Capacity: 1998M
 Pre-touch: Disabled
 Parallel Workers: 8
 Concurrent Workers: 2
 Concurrent Refinement Workers: 8
 Periodic GC: Disabled

Heap:
 garbage-first heap   total 86016K, used 53023K [0x0000000083200000, 0x0000000100000000)
  region size 1024K, 2 young (2048K), 1 survivors (1024K)
 Metaspace       used 57583K, committed 59264K, reserved 1114112K
  class space    used 8175K, committed 8768K, reserved 1048576K

Heap Regions: E=young(eden), S=young(survivor), O=old, HS=humongous(starts), HC=humongous(continues), CS=collection set, F=free, TAMS=top-at-mark-start, PB=parsable bottom
|   0|0x0000000083200000, 0x0000000083300000, 0x0000000083300000|100%|HS|  |TAMS 0x0000000083300000| PB 0x0000000083200000| Complete 
|   1|0x0000000083300000, 0x00000000833f9f20, 0x0000000083400000| 97%| O|  |TAMS 0x00000000833f9f20| PB 0x00000000833f9f20| Untracked 
|   2|0x0000000083400000, 0x00000000834cb4b0, 0x0000000083500000| 79%| O|  |TAMS 0x00000000834cb4b0| PB 0x00000000834cb4b0| Updating 
|   3|0x0000000083500000, 0x00000000835ffff0, 0x0000000083600000| 99%| O|  |TAMS 0x00000000835ffff0| PB 0x00000000835ffff0| Untracked 
|   4|0x0000000083600000, 0x00000000836fffe0, 0x0000000083700000| 99%| O|  |TAMS 0x00000000836fffe0| PB 0x00000000836fffe0| Untracked 
|   5|0x0000000083700000, 0x00000000837ffff0, 0x0000000083800000| 99%| O|  |TAMS 0x00000000837ffff0| PB 0x00000000837ffff0| Untracked 
|   6|0x0000000083800000, 0x00000000838fffe8, 0x0000000083900000| 99%| O|  |TAMS 0x00000000838fffe8| PB 0x00000000838fffe8| Untracked 
|   7|0x0000000083900000, 0x00000000839fffb8, 0x0000000083a00000| 99%| O|  |TAMS 0x00000000839fffb8| PB 0x00000000839fffb8| Untracked 
|   8|0x0000000083a00000, 0x0000000083afd580, 0x0000000083b00000| 98%| O|  |TAMS 0x0000000083afd580| PB 0x0000000083afd580| Untracked 
|   9|0x0000000083b00000, 0x0000000083bfffe8, 0x0000000083c00000| 99%| O|  |TAMS 0x0000000083bfffe8| PB 0x0000000083bfffe8| Untracked 
|  10|0x0000000083c00000, 0x0000000083cffff8, 0x0000000083d00000| 99%| O|  |TAMS 0x0000000083cffff8| PB 0x0000000083cffff8| Untracked 
|  11|0x0000000083d00000, 0x0000000083dfffb8, 0x0000000083e00000| 99%| O|  |TAMS 0x0000000083dfffb8| PB 0x0000000083dfffb8| Untracked 
|  12|0x0000000083e00000, 0x0000000083efffd8, 0x0000000083f00000| 99%| O|  |TAMS 0x0000000083efffd8| PB 0x0000000083efffd8| Untracked 
|  13|0x0000000083f00000, 0x0000000083ffffb0, 0x0000000084000000| 99%| O|  |TAMS 0x0000000083ffffb0| PB 0x0000000083ffffb0| Updating 
|  14|0x0000000084000000, 0x00000000840ffff8, 0x0000000084100000| 99%| O|  |TAMS 0x00000000840ffff8| PB 0x00000000840ffff8| Updating 
|  15|0x0000000084100000, 0x00000000841fffd0, 0x0000000084200000| 99%| O|  |TAMS 0x00000000841fffd0| PB 0x00000000841fffd0| Untracked 
|  16|0x0000000084200000, 0x0000000084300000, 0x0000000084300000|100%| O|  |TAMS 0x0000000084300000| PB 0x0000000084300000| Updating 
|  17|0x0000000084300000, 0x00000000843ffff8, 0x0000000084400000| 99%| O|  |TAMS 0x00000000843ffff8| PB 0x00000000843ffff8| Updating 
|  18|0x0000000084400000, 0x00000000844fffe0, 0x0000000084500000| 99%| O|  |TAMS 0x00000000844fffe0| PB 0x00000000844fffe0| Updating 
|  19|0x0000000084500000, 0x00000000845ffff8, 0x0000000084600000| 99%| O|  |TAMS 0x00000000845ffff8| PB 0x00000000845ffff8| Updating 
|  20|0x0000000084600000, 0x00000000846ffff0, 0x0000000084700000| 99%| O|  |TAMS 0x00000000846ffff0| PB 0x00000000846ffff0| Updating 
|  21|0x0000000084700000, 0x00000000847f53c0, 0x0000000084800000| 95%| O|  |TAMS 0x00000000847f53c0| PB 0x00000000847f53c0| Updating 
|  22|0x0000000084800000, 0x0000000084900000, 0x0000000084900000|100%| O|  |TAMS 0x0000000084900000| PB 0x0000000084900000| Updating 
|  23|0x0000000084900000, 0x0000000084a00000, 0x0000000084a00000|100%| O|  |TAMS 0x0000000084a00000| PB 0x0000000084a00000| Untracked 
|  24|0x0000000084a00000, 0x0000000084affff8, 0x0000000084b00000| 99%| O|  |TAMS 0x0000000084affff8| PB 0x0000000084affff8| Untracked 
|  25|0x0000000084b00000, 0x0000000084bffff0, 0x0000000084c00000| 99%| O|  |TAMS 0x0000000084bffff0| PB 0x0000000084bffff0| Updating 
|  26|0x0000000084c00000, 0x0000000084cfbe38, 0x0000000084d00000| 98%| O|  |TAMS 0x0000000084cfbe38| PB 0x0000000084cfbe38| Untracked 
|  27|0x0000000084d00000, 0x0000000084e00000, 0x0000000084e00000|100%| O|  |TAMS 0x0000000084e00000| PB 0x0000000084e00000| Updating 
|  28|0x0000000084e00000, 0x0000000084effe68, 0x0000000084f00000| 99%| O|  |TAMS 0x0000000084effe68| PB 0x0000000084effe68| Updating 
|  29|0x0000000084f00000, 0x0000000084f6c308, 0x0000000085000000| 42%| O|  |TAMS 0x0000000084f6c308| PB 0x0000000084f6c308| Updating 
|  30|0x0000000085000000, 0x0000000085075d18, 0x0000000085100000| 46%| O|  |TAMS 0x0000000085075d18| PB 0x0000000085075d18| Updating 
|  31|0x0000000085100000, 0x0000000085200000, 0x0000000085200000|100%| O|  |TAMS 0x0000000085200000| PB 0x0000000085200000| Updating 
|  32|0x0000000085200000, 0x0000000085300000, 0x0000000085300000|100%| O|  |TAMS 0x0000000085300000| PB 0x0000000085300000| Updating 
|  33|0x0000000085300000, 0x0000000085400000, 0x0000000085400000|100%| O|  |TAMS 0x0000000085400000| PB 0x0000000085400000| Updating 
|  34|0x0000000085400000, 0x0000000085500000, 0x0000000085500000|100%| O|  |TAMS 0x0000000085500000| PB 0x0000000085500000| Updating 
|  35|0x0000000085500000, 0x0000000085600000, 0x0000000085600000|100%| O|  |TAMS 0x0000000085500000| PB 0x0000000085500000| Untracked 
|  36|0x0000000085600000, 0x0000000085700000, 0x0000000085700000|100%| O|  |TAMS 0x0000000085700000| PB 0x0000000085700000| Updating 
|  37|0x0000000085700000, 0x0000000085800000, 0x0000000085800000|100%| O|  |TAMS 0x0000000085800000| PB 0x0000000085800000| Updating 
|  38|0x0000000085800000, 0x0000000085900000, 0x0000000085900000|100%| O|  |TAMS 0x0000000085900000| PB 0x0000000085900000| Updating 
|  39|0x0000000085900000, 0x0000000085a00000, 0x0000000085a00000|100%| O|  |TAMS 0x0000000085a00000| PB 0x0000000085a00000| Updating 
|  40|0x0000000085a00000, 0x0000000085b00000, 0x0000000085b00000|100%| O|  |TAMS 0x0000000085b00000| PB 0x0000000085b00000| Updating 
|  41|0x0000000085b00000, 0x0000000085c00000, 0x0000000085c00000|100%| O|  |TAMS 0x0000000085c00000| PB 0x0000000085c00000| Updating 
|  42|0x0000000085c00000, 0x0000000085d00000, 0x0000000085d00000|100%| O|  |TAMS 0x0000000085d00000| PB 0x0000000085d00000| Updating 
|  43|0x0000000085d00000, 0x0000000085e00000, 0x0000000085e00000|100%| O|  |TAMS 0x0000000085e00000| PB 0x0000000085e00000| Updating 
|  44|0x0000000085e00000, 0x0000000085f00000, 0x0000000085f00000|100%| O|  |TAMS 0x0000000085f00000| PB 0x0000000085f00000| Updating 
|  45|0x0000000085f00000, 0x0000000086000000, 0x0000000086000000|100%| O|  |TAMS 0x0000000085fe86c0| PB 0x0000000085fe86c0| Updating 
|  46|0x0000000086000000, 0x0000000086100000, 0x0000000086100000|100%| O|  |TAMS 0x0000000086100000| PB 0x0000000086100000| Updating 
|  47|0x0000000086100000, 0x0000000086200000, 0x0000000086200000|100%| O|  |TAMS 0x0000000086200000| PB 0x0000000086200000| Updating 
|  48|0x0000000086200000, 0x0000000086300000, 0x0000000086300000|100%| O|  |TAMS 0x0000000086300000| PB 0x0000000086300000| Updating 
|  49|0x0000000086300000, 0x0000000086400000, 0x0000000086400000|100%| O|  |TAMS 0x0000000086300000| PB 0x0000000086300000| Untracked 
|  50|0x0000000086400000, 0x0000000086500000, 0x0000000086500000|100%| O|  |TAMS 0x0000000086400000| PB 0x0000000086400000| Untracked 
|  51|0x0000000086500000, 0x0000000086500000, 0x0000000086600000|  0%| F|  |TAMS 0x0000000086500000| PB 0x0000000086500000| Untracked 
|  52|0x0000000086600000, 0x0000000086600000, 0x0000000086700000|  0%| F|  |TAMS 0x0000000086600000| PB 0x0000000086600000| Untracked 
|  53|0x0000000086700000, 0x0000000086700000, 0x0000000086800000|  0%| F|  |TAMS 0x0000000086700000| PB 0x0000000086700000| Untracked 
|  54|0x0000000086800000, 0x0000000086900000, 0x0000000086900000|100%| O|  |TAMS 0x0000000086800000| PB 0x0000000086800000| Untracked 
|  55|0x0000000086900000, 0x00000000869394e0, 0x0000000086a00000| 22%| O|  |TAMS 0x0000000086900000| PB 0x0000000086900000| Updating 
|  56|0x0000000086a00000, 0x0000000086a00000, 0x0000000086b00000|  0%| F|  |TAMS 0x0000000086a00000| PB 0x0000000086a00000| Untracked 
|  57|0x0000000086b00000, 0x0000000086b00000, 0x0000000086c00000|  0%| F|  |TAMS 0x0000000086b00000| PB 0x0000000086b00000| Untracked 
|  58|0x0000000086c00000, 0x0000000086c00000, 0x0000000086d00000|  0%| F|  |TAMS 0x0000000086c00000| PB 0x0000000086c00000| Untracked 
|  59|0x0000000086d00000, 0x0000000086d00000, 0x0000000086e00000|  0%| F|  |TAMS 0x0000000086d00000| PB 0x0000000086d00000| Untracked 
|  60|0x0000000086e00000, 0x0000000086ef9170, 0x0000000086f00000| 97%| S|CS|TAMS 0x0000000086e00000| PB 0x0000000086e00000| Complete 
|  61|0x0000000086f00000, 0x0000000086f00000, 0x0000000087000000|  0%| F|  |TAMS 0x0000000086f00000| PB 0x0000000086f00000| Untracked 
|  62|0x0000000087000000, 0x0000000087000000, 0x0000000087100000|  0%| F|  |TAMS 0x0000000087000000| PB 0x0000000087000000| Untracked 
|  63|0x0000000087100000, 0x0000000087100000, 0x0000000087200000|  0%| F|  |TAMS 0x0000000087100000| PB 0x0000000087100000| Untracked 
|  64|0x0000000087200000, 0x0000000087200000, 0x0000000087300000|  0%| F|  |TAMS 0x0000000087200000| PB 0x0000000087200000| Untracked 
|  65|0x0000000087300000, 0x0000000087300000, 0x0000000087400000|  0%| F|  |TAMS 0x0000000087300000| PB 0x0000000087300000| Untracked 
|  66|0x0000000087400000, 0x0000000087400000, 0x0000000087500000|  0%| F|  |TAMS 0x0000000087400000| PB 0x0000000087400000| Untracked 
|  67|0x0000000087500000, 0x0000000087500000, 0x0000000087600000|  0%| F|  |TAMS 0x0000000087500000| PB 0x0000000087500000| Untracked 
|  68|0x0000000087600000, 0x0000000087600000, 0x0000000087700000|  0%| F|  |TAMS 0x0000000087600000| PB 0x0000000087600000| Untracked 
|  69|0x0000000087700000, 0x0000000087700000, 0x0000000087800000|  0%| F|  |TAMS 0x0000000087700000| PB 0x0000000087700000| Untracked 
|  70|0x0000000087800000, 0x0000000087800000, 0x0000000087900000|  0%| F|  |TAMS 0x0000000087800000| PB 0x0000000087800000| Untracked 
|  71|0x0000000087900000, 0x0000000087900000, 0x0000000087a00000|  0%| F|  |TAMS 0x0000000087900000| PB 0x0000000087900000| Untracked 
|  72|0x0000000087a00000, 0x0000000087a00000, 0x0000000087b00000|  0%| F|  |TAMS 0x0000000087a00000| PB 0x0000000087a00000| Untracked 
|  73|0x0000000087b00000, 0x0000000087b00000, 0x0000000087c00000|  0%| F|  |TAMS 0x0000000087b00000| PB 0x0000000087b00000| Untracked 
|  74|0x0000000087c00000, 0x0000000087c00000, 0x0000000087d00000|  0%| F|  |TAMS 0x0000000087c00000| PB 0x0000000087c00000| Untracked 
|  75|0x0000000087d00000, 0x0000000087d00000, 0x0000000087e00000|  0%| F|  |TAMS 0x0000000087d00000| PB 0x0000000087d00000| Untracked 
|  76|0x0000000087e00000, 0x0000000087e00000, 0x0000000087f00000|  0%| F|  |TAMS 0x0000000087e00000| PB 0x0000000087e00000| Untracked 
|  77|0x0000000087f00000, 0x0000000087f00000, 0x0000000088000000|  0%| F|  |TAMS 0x0000000087f00000| PB 0x0000000087f00000| Untracked 
|  78|0x0000000088000000, 0x0000000088000000, 0x0000000088100000|  0%| F|  |TAMS 0x0000000088000000| PB 0x0000000088000000| Untracked 
|  79|0x0000000088100000, 0x0000000088100000, 0x0000000088200000|  0%| F|  |TAMS 0x0000000088100000| PB 0x0000000088100000| Untracked 
|  80|0x0000000088200000, 0x0000000088200000, 0x0000000088300000|  0%| F|  |TAMS 0x0000000088200000| PB 0x0000000088200000| Untracked 
|  81|0x0000000088300000, 0x0000000088300000, 0x0000000088400000|  0%| F|  |TAMS 0x0000000088300000| PB 0x0000000088300000| Untracked 
| 124|0x000000008ae00000, 0x000000008ae00000, 0x000000008af00000|  0%| F|  |TAMS 0x000000008ae00000| PB 0x000000008ae00000| Untracked 
| 125|0x000000008af00000, 0x000000008af6aed8, 0x000000008b000000| 41%| E|  |TAMS 0x000000008af00000| PB 0x000000008af00000| Complete 

Card table byte_map: [0x000002d3ffa40000,0x000002d3ffe30000] _byte_map_base: 0x000002d3ff627000

Marking Bits: (CMBitMap*) 0x000002d3fd4ff9e0
 Bits: [0x000002d38b3e0000, 0x000002d38d318000)

Polling page: 0x000002d3fd250000

Metaspace:

Usage:
  Non-class:     48.25 MB used.
      Class:      7.98 MB used.
       Both:     56.23 MB used.

Virtual space:
  Non-class space:       64.00 MB reserved,      49.31 MB ( 77%) committed,  1 nodes.
      Class space:        1.00 GB reserved,       8.56 MB ( <1%) committed,  1 nodes.
             Both:        1.06 GB reserved,      57.88 MB (  5%) committed. 

Chunk freelists:
   Non-Class:  14.44 MB
       Class:  7.69 MB
        Both:  22.13 MB

MaxMetaspaceSize: unlimited
CompressedClassSpaceSize: 1.00 GB
Initial GC threshold: 21.00 MB
Current GC threshold: 95.56 MB
CDS: on
 - commit_granule_bytes: 65536.
 - commit_granule_words: 8192.
 - virtual_space_node_default_size: 8388608.
 - enlarge_chunks_in_place: 1.
 - use_allocation_guard: 0.


Internal statistics:

num_allocs_failed_limit: 8.
num_arena_births: 2236.
num_arena_deaths: 1328.
num_vsnodes_births: 2.
num_vsnodes_deaths: 0.
num_space_committed: 926.
num_space_uncommitted: 0.
num_chunks_returned_to_freelist: 1546.
num_chunks_taken_from_freelist: 4700.
num_chunk_merges: 379.
num_chunk_splits: 2901.
num_chunks_enlarged: 1980.
num_inconsistent_stats: 0.

CodeCache: size=49152Kb used=14105Kb max_used=16092Kb free=35046Kb
 bounds [0x000002d3883e0000, 0x000002d3893e0000, 0x000002d38b3e0000]
 total_blobs=8217 nmethods=7568 adapters=573
 compilation: enabled
              stopped_count=0, restarted_count=0
 full_count=0

Compilation events (20 events):
Event: 3762.144 Thread 0x000002d38fc6d2b0 10160       1       io.micrometer.core.instrument.distribution.TimeWindowMax::record (43 bytes)
Event: 3762.153 Thread 0x000002d38fc6d2b0 nmethod 10160 0x000002d388fcc190 code [0x000002d388fcc340, 0x000002d388fcc4c8]
Event: 3762.153 Thread 0x000002d38fc6d2b0 10161       1       java.util.Random::<init> (12 bytes)
Event: 3762.156 Thread 0x000002d38fc6d2b0 nmethod 10161 0x000002d388e43210 code [0x000002d388e433c0, 0x000002d388e43548]
Event: 3762.156 Thread 0x000002d38fc6d2b0 10156       1       io.micrometer.core.instrument.distribution.NoopHistogram::recordLong (1 bytes)
Event: 3762.156 Thread 0x000002d38fc6d2b0 nmethod 10156 0x000002d388f79810 code [0x000002d388f799a0, 0x000002d388f79a68]
Event: 3762.157 Thread 0x000002d38fc6d2b0 10157       1       io.micrometer.core.instrument.cumulative.CumulativeTimer::recordNonNegative (37 bytes)
Event: 3762.160 Thread 0x000002d38fc6d2b0 nmethod 10157 0x000002d389020810 code [0x000002d389020a00, 0x000002d389020c08]
Event: 3762.161 Thread 0x000002d38fc6d2b0 10158       1       io.micrometer.core.instrument.distribution.TimeWindowMax::record (14 bytes)
Event: 3762.162 Thread 0x000002d38fc6d2b0 nmethod 10158 0x000002d388fbd410 code [0x000002d388fbd5c0, 0x000002d388fbd6f0]
Event: 3762.162 Thread 0x000002d38fc6d2b0 10159       1       io.micrometer.core.instrument.util.TimeUtils::convert (94 bytes)
Event: 3762.164 Thread 0x000002d38fc6d2b0 nmethod 10159 0x000002d388da2110 code [0x000002d388da2340, 0x000002d388da2648]
Event: 3785.922 Thread 0x000002d38fc6d2b0 10162       1       java.lang.Class::forName (10 bytes)
Event: 3785.962 Thread 0x000002d38fc6d2b0 nmethod 10162 0x000002d389021190 code [0x000002d389021360, 0x000002d3890214b8]
Event: 3785.963 Thread 0x000002d38fc6d2b0 10163       1       java.lang.Class::forName (23 bytes)
Event: 3785.963 Thread 0x000002d38fc6d2b0 nmethod 10163 0x000002d388e9d410 code [0x000002d388e9d5c0, 0x000002d388e9d6f8]
Event: 3785.964 Thread 0x000002d38fc6d2b0 10164       1       java.lang.ClassLoader::getClassLoader (11 bytes)
Event: 3785.964 Thread 0x000002d38fc6d2b0 nmethod 10164 0x000002d388f7f310 code [0x000002d388f7f4a0, 0x000002d388f7f588]
Event: 3786.066 Thread 0x000002d38fc6d2b0 10165       1       javax.management.openmbean.TabularType::getIndexNames (5 bytes)
Event: 3786.071 Thread 0x000002d38fc6d2b0 nmethod 10165 0x000002d388f85510 code [0x000002d388f856a0, 0x000002d388f85768]

GC Heap History (20 events):
Event: 3175.766 GC heap before
{Heap before GC invocations=21 (full 0):
 garbage-first heap   total 80896K, used 74217K [0x0000000083200000, 0x0000000100000000)
  region size 1024K, 30 young (30720K), 1 survivors (1024K)
 Metaspace       used 56751K, committed 57984K, reserved 1114112K
  class space    used 8045K, committed 8512K, reserved 1048576K
}
Event: 3176.010 GC heap after
{Heap after GC invocations=22 (full 0):
 garbage-first heap   total 80896K, used 40356K [0x0000000083200000, 0x0000000100000000)
  region size 1024K, 1 young (1024K), 1 survivors (1024K)
 Metaspace       used 56751K, committed 57984K, reserved 1114112K
  class space    used 8045K, committed 8512K, reserved 1048576K
}
Event: 3432.329 GC heap before
{Heap before GC invocations=22 (full 0):
 garbage-first heap   total 80896K, used 51620K [0x0000000083200000, 0x0000000100000000)
  region size 1024K, 13 young (13312K), 1 survivors (1024K)
 Metaspace       used 56939K, committed 57984K, reserved 1114112K
  class space    used 8087K, committed 8512K, reserved 1048576K
}
Event: 3435.005 GC heap after
{Heap after GC invocations=23 (full 1):
 garbage-first heap   total 80896K, used 29538K [0x0000000083200000, 0x0000000100000000)
  region size 1024K, 0 young (0K), 0 survivors (0K)
 Metaspace       used 56884K, committed 57984K, reserved 1114112K
  class space    used 8073K, committed 8512K, reserved 1048576K
}
Event: 3444.548 GC heap before
{Heap before GC invocations=23 (full 1):
 garbage-first heap   total 80896K, used 68450K [0x0000000083200000, 0x0000000100000000)
  region size 1024K, 39 young (39936K), 0 survivors (0K)
 Metaspace       used 56918K, committed 57984K, reserved 1114112K
  class space    used 8082K, committed 8512K, reserved 1048576K
}
Event: 3444.562 GC heap after
{Heap after GC invocations=24 (full 1):
 garbage-first heap   total 80896K, used 33348K [0x0000000083200000, 0x0000000100000000)
  region size 1024K, 4 young (4096K), 4 survivors (4096K)
 Metaspace       used 56918K, committed 57984K, reserved 1114112K
  class space    used 8082K, committed 8512K, reserved 1048576K
}
Event: 3446.347 GC heap before
{Heap before GC invocations=25 (full 1):
 garbage-first heap   total 80896K, used 69188K [0x0000000083200000, 0x0000000100000000)
  region size 1024K, 38 young (38912K), 4 survivors (4096K)
 Metaspace       used 57140K, committed 58048K, reserved 1114112K
  class space    used 8116K, committed 8512K, reserved 1048576K
}
Event: 3446.360 GC heap after
{Heap after GC invocations=26 (full 1):
 garbage-first heap   total 80896K, used 36974K [0x0000000083200000, 0x0000000100000000)
  region size 1024K, 4 young (4096K), 4 survivors (4096K)
 Metaspace       used 57140K, committed 58048K, reserved 1114112K
  class space    used 8116K, committed 8512K, reserved 1048576K
}
Event: 3495.281 GC heap before
{Heap before GC invocations=26 (full 1):
 garbage-first heap   total 80896K, used 67694K [0x0000000083200000, 0x0000000100000000)
  region size 1024K, 34 young (34816K), 4 survivors (4096K)
 Metaspace       used 57764K, committed 58688K, reserved 1114112K
  class space    used 8252K, committed 8640K, reserved 1048576K
}
Event: 3495.806 GC heap after
{Heap after GC invocations=27 (full 1):
 garbage-first heap   total 80896K, used 41101K [0x0000000083200000, 0x0000000100000000)
  region size 1024K, 5 young (5120K), 5 survivors (5120K)
 Metaspace       used 57764K, committed 58688K, reserved 1114112K
  class space    used 8252K, committed 8640K, reserved 1048576K
}
Event: 3505.138 GC heap before
{Heap before GC invocations=27 (full 1):
 garbage-first heap   total 80896K, used 66701K [0x0000000083200000, 0x0000000100000000)
  region size 1024K, 31 young (31744K), 5 survivors (5120K)
 Metaspace       used 57781K, committed 58688K, reserved 1114112K
  class space    used 8255K, committed 8640K, reserved 1048576K
}
Event: 3505.179 GC heap after
{Heap after GC invocations=28 (full 1):
 garbage-first heap   total 80896K, used 44883K [0x0000000083200000, 0x0000000100000000)
  region size 1024K, 4 young (4096K), 4 survivors (4096K)
 Metaspace       used 57781K, committed 58688K, reserved 1114112K
  class space    used 8255K, committed 8640K, reserved 1048576K
}
Event: 3508.018 GC heap before
{Heap before GC invocations=29 (full 1):
 garbage-first heap   total 86016K, used 68435K [0x0000000083200000, 0x0000000100000000)
  region size 1024K, 27 young (27648K), 4 survivors (4096K)
 Metaspace       used 57692K, committed 58688K, reserved 1114112K
  class space    used 8229K, committed 8640K, reserved 1048576K
}
Event: 3508.025 GC heap after
{Heap after GC invocations=30 (full 1):
 garbage-first heap   total 86016K, used 46257K [0x0000000083200000, 0x0000000100000000)
  region size 1024K, 3 young (3072K), 3 survivors (3072K)
 Metaspace       used 57692K, committed 58688K, reserved 1114112K
  class space    used 8229K, committed 8640K, reserved 1048576K
}
Event: 3509.677 GC heap before
{Heap before GC invocations=30 (full 1):
 garbage-first heap   total 86016K, used 70833K [0x0000000083200000, 0x0000000100000000)
  region size 1024K, 27 young (27648K), 3 survivors (3072K)
 Metaspace       used 57960K, committed 58944K, reserved 1114112K
  class space    used 8280K, committed 8704K, reserved 1048576K
}
Event: 3509.683 GC heap after
{Heap after GC invocations=31 (full 1):
 garbage-first heap   total 86016K, used 48568K [0x0000000083200000, 0x0000000100000000)
  region size 1024K, 3 young (3072K), 3 survivors (3072K)
 Metaspace       used 57960K, committed 58944K, reserved 1114112K
  class space    used 8280K, committed 8704K, reserved 1048576K
}
Event: 3513.538 GC heap before
{Heap before GC invocations=31 (full 1):
 garbage-first heap   total 86016K, used 75192K [0x0000000083200000, 0x0000000100000000)
  region size 1024K, 29 young (29696K), 3 survivors (3072K)
 Metaspace       used 58199K, committed 59264K, reserved 1114112K
  class space    used 8329K, committed 8768K, reserved 1048576K
}
Event: 3513.552 GC heap after
{Heap after GC invocations=32 (full 1):
 garbage-first heap   total 86016K, used 51703K [0x0000000083200000, 0x0000000100000000)
  region size 1024K, 4 young (4096K), 4 survivors (4096K)
 Metaspace       used 58199K, committed 59264K, reserved 1114112K
  class space    used 8329K, committed 8768K, reserved 1048576K
}
Event: 3784.877 GC heap before
{Heap before GC invocations=32 (full 1):
 garbage-first heap   total 86016K, used 75255K [0x0000000083200000, 0x0000000100000000)
  region size 1024K, 27 young (27648K), 4 survivors (4096K)
 Metaspace       used 58204K, committed 59264K, reserved 1114112K
  class space    used 8331K, committed 8768K, reserved 1048576K
}
Event: 3785.743 GC heap after
{Heap after GC invocations=33 (full 1):
 garbage-first heap   total 86016K, used 53023K [0x0000000083200000, 0x0000000100000000)
  region size 1024K, 1 young (1024K), 1 survivors (1024K)
 Metaspace       used 58204K, committed 59264K, reserved 1114112K
  class space    used 8331K, committed 8768K, reserved 1048576K
}

Dll operation events (10 events):
Event: 0.013 Loaded shared library C:\Program Files\Java\jdk-21.0.10\bin\java.dll
Event: 0.195 Loaded shared library C:\Program Files\Java\jdk-21.0.10\bin\net.dll
Event: 0.198 Loaded shared library C:\Program Files\Java\jdk-21.0.10\bin\nio.dll
Event: 0.203 Loaded shared library C:\Program Files\Java\jdk-21.0.10\bin\zip.dll
Event: 0.364 Loaded shared library C:\Program Files\Java\jdk-21.0.10\bin\jimage.dll
Event: 1.050 Loaded shared library C:\Program Files\Java\jdk-21.0.10\bin\management.dll
Event: 1.053 Loaded shared library C:\Program Files\Java\jdk-21.0.10\bin\management_ext.dll
Event: 3.108 Loaded shared library C:\Program Files\Java\jdk-21.0.10\bin\sunmscapi.dll
Event: 9.919 Loaded shared library C:\Program Files\Java\jdk-21.0.10\bin\extnet.dll
Event: 15.110 Loaded shared library C:\Program Files\Java\jdk-21.0.10\bin\verify.dll

Deoptimization events (2 events):
Event: 16.057 Thread 0x000002d38fc6a620 DEOPT PACKING pc=0x000002d38869d53c sp=0x000000dc111fdd50
Event: 16.057 Thread 0x000002d38fc6a620 DEOPT UNPACKING pc=0x000002d388434e42 sp=0x000000dc111fd1f8 mode 0

Classes loaded (20 events):
Event: 3417.442 Loading class java/util/concurrent/locks/AbstractQueuedSynchronizer$SharedNode
Event: 3417.482 Loading class java/util/concurrent/locks/AbstractQueuedSynchronizer$SharedNode done
Event: 3419.320 Loading class javax/management/NotificationBroadcasterSupport$WildcardListenerInfo
Event: 3419.351 Loading class javax/management/NotificationBroadcasterSupport$WildcardListenerInfo done
Event: 3419.872 Loading class sun/net/ConnectionResetException
Event: 3419.888 Loading class sun/net/ConnectionResetException done
Event: 3435.007 Loading class java/lang/ref/Finalizer$2
Event: 3435.019 Loading class java/lang/ref/Finalizer$2 done
Event: 3435.019 Loading class java/lang/ref/Finalizer$1
Event: 3435.821 Loading class java/lang/ref/Finalizer$1 done
Event: 3446.031 Loading class java/util/logging/LogRecord
Event: 3446.036 Loading class java/util/logging/LogRecord done
Event: 3446.335 Loading class java/time/DurationEditor
Event: 3446.335 Loading class java/time/DurationEditor done
Event: 3449.841 Loading class java/util/function/IntSupplier
Event: 3449.872 Loading class java/util/function/IntSupplier done
Event: 3450.366 Loading class java/lang/invoke/WrongMethodTypeException
Event: 3450.368 Loading class java/lang/invoke/WrongMethodTypeException done
Event: 3511.124 Loading class java/time/DurationEditor
Event: 3511.131 Loading class java/time/DurationEditor done

Classes unloaded (20 events):
Event: 3788.252 Thread 0x000002d38fc3fde0 Unloading class 0x000002d39150c800 'java/lang/invoke/LambdaForm$MH+0x000002d39150c800'
Event: 3788.254 Thread 0x000002d38fc3fde0 Unloading class 0x000002d3914fc800 'java/lang/invoke/LambdaForm$MH+0x000002d3914fc800'
Event: 3788.254 Thread 0x000002d38fc3fde0 Unloading class 0x000002d3914c0c00 'java/lang/invoke/LambdaForm$MH+0x000002d3914c0c00'
Event: 3788.255 Thread 0x000002d38fc3fde0 Unloading class 0x000002d3914a0c00 'java/lang/invoke/LambdaForm$MH+0x000002d3914a0c00'
Event: 3788.255 Thread 0x000002d38fc3fde0 Unloading class 0x000002d3914a0000 'java/lang/invoke/LambdaForm$MH+0x000002d3914a0000'
Event: 3788.255 Thread 0x000002d38fc3fde0 Unloading class 0x000002d39149d800 'java/lang/invoke/LambdaForm$MH+0x000002d39149d800'
Event: 3788.256 Thread 0x000002d38fc3fde0 Unloading class 0x000002d39148d400 'java/lang/invoke/LambdaForm$MH+0x000002d39148d400'
Event: 3788.256 Thread 0x000002d38fc3fde0 Unloading class 0x000002d39148c800 'java/lang/invoke/LambdaForm$MH+0x000002d39148c800'
Event: 3788.258 Thread 0x000002d38fc3fde0 Unloading class 0x000002d391480400 'java/lang/invoke/LambdaForm$MH+0x000002d391480400'
Event: 3788.258 Thread 0x000002d38fc3fde0 Unloading class 0x000002d39147bc00 'java/lang/invoke/LambdaForm$MH+0x000002d39147bc00'
Event: 3788.259 Thread 0x000002d38fc3fde0 Unloading class 0x000002d39147b800 'java/lang/invoke/LambdaForm$MH+0x000002d39147b800'
Event: 3788.259 Thread 0x000002d38fc3fde0 Unloading class 0x000002d39147b000 'java/lang/invoke/LambdaForm$MH+0x000002d39147b000'
Event: 3788.259 Thread 0x000002d38fc3fde0 Unloading class 0x000002d39147a000 'java/lang/invoke/LambdaForm$MH+0x000002d39147a000'
Event: 3788.259 Thread 0x000002d38fc3fde0 Unloading class 0x000002d39146c800 'java/lang/invoke/LambdaForm$MH+0x000002d39146c800'
Event: 3788.259 Thread 0x000002d38fc3fde0 Unloading class 0x000002d39123c800 'java/lang/invoke/LambdaForm$MH+0x000002d39123c800'
Event: 3788.260 Thread 0x000002d38fc3fde0 Unloading class 0x000002d39123c400 'java/lang/invoke/LambdaForm$MH+0x000002d39123c400'
Event: 3788.260 Thread 0x000002d38fc3fde0 Unloading class 0x000002d391210400 'java/lang/invoke/LambdaForm$MH+0x000002d391210400'
Event: 3788.260 Thread 0x000002d38fc3fde0 Unloading class 0x000002d391121400 'java/lang/invoke/LambdaForm$MH+0x000002d391121400'
Event: 3788.261 Thread 0x000002d38fc3fde0 Unloading class 0x000002d3910d1400 'java/lang/invoke/LambdaForm$MH+0x000002d3910d1400'
Event: 3788.262 Thread 0x000002d38fc3fde0 Unloading class 0x000002d391008400 'java/lang/invoke/LambdaForm$MH+0x000002d391008400'

Classes redefined (0 events):
No events

Internal exceptions (20 events):
Event: 3450.083 Thread 0x000002d3d76deed0 Exception <a 'java/lang/InterruptedException'{0x0000000086600040}: sleep interrupted> (0x0000000086600040) 
thrown [s\open\src\hotspot\share\prims\jvm.cpp, line 3074]
Event: 3450.303 Thread 0x000002d3d76dd490 Exception <a 'java/lang/NoClassDefFoundError'{0x000000008651ab10}: liquibase/exception/ChangeLogParseException> (0x000000008651ab10) 
thrown [s\open\src\hotspot\share\classfile\systemDictionary.cpp, line 301]
Event: 3450.322 Thread 0x000002d3d76dd490 Exception <a 'java/lang/NoClassDefFoundError'{0x000000008655ca30}: org/springframework/jdbc/CannotGetJdbcConnectionException> (0x000000008655ca30) 
thrown [s\open\src\hotspot\share\classfile\systemDictionary.cpp, line 301]
Event: 3493.434 Thread 0x000002d3d76dd490 Exception <a 'sun/nio/fs/WindowsException'{0x00000000864ede40}> (0x00000000864ede40) 
thrown [s\open\src\hotspot\share\prims\jni.cpp, line 520]
Event: 3508.455 Thread 0x000002d3d76dd490 Exception <a 'java/lang/NoClassDefFoundError'{0x00000000880174f0}: org/flywaydb/core/Flyway> (0x00000000880174f0) 
thrown [s\open\src\hotspot\share\oops\constantPool.cpp, line 873]
Event: 3508.455 Thread 0x000002d3d76dd490 Exception <a 'java/lang/NoClassDefFoundError'{0x0000000088017b50}: liquibase/integration/spring/SpringLiquibase> (0x0000000088017b50) 
thrown [s\open\src\hotspot\share\oops\constantPool.cpp, line 873]
Event: 3508.689 Thread 0x000002d3d76dd490 Exception <a 'java/lang/NoSuchMethodError'{0x0000000087efdf88}: 'void java.lang.invoke.DelegatingMethodHandle$Holder.reinvoke_L(java.lang.Object, java.lang.Object, int)'> (0x0000000087efdf88) 
thrown [s\open\src\hotspot\share\interpreter\linkResolver.cpp, line 773]
Event: 3508.982 Thread 0x000002d3d76dd490 Exception <a 'java/lang/NoSuchMethodError'{0x00000000876c9ab0}: 'int java.lang.invoke.DirectMethodHandle$Holder.invokeVirtual(java.lang.Object, java.lang.Object, java.lang.Object, java.lang.Object)'> (0x00000000876c9ab0) 
thrown [s\open\src\hotspot\share\interpreter\linkResolver.cpp, line 773]
Event: 3508.982 Thread 0x000002d3d76dd490 Exception <a 'java/lang/NoSuchMethodError'{0x00000000876cd088}: 'int java.lang.invoke.DelegatingMethodHandle$Holder.reinvoke_L(java.lang.Object, java.lang.Object, java.lang.Object, java.lang.Object)'> (0x00000000876cd088) 
thrown [s\open\src\hotspot\share\interpreter\linkResolver.cpp, line 773]
Event: 3509.010 Thread 0x000002d3d76dd490 Exception <a 'java/io/FileNotFoundException'{0x000000008751dca0}> (0x000000008751dca0) 
thrown [s\open\src\hotspot\share\prims\jni.cpp, line 520]
Event: 3509.417 Thread 0x000002d3d76dd490 Exception <a 'java/lang/NoSuchMethodError'{0x000000008705ee18}: 'void java.lang.invoke.DelegatingMethodHandle$Holder.reinvoke_L(java.lang.Object, java.lang.Object, int, java.lang.Object)'> (0x000000008705ee18) 
thrown [s\open\src\hotspot\share\interpreter\linkResolver.cpp, line 773]
Event: 3509.611 Thread 0x000002d3d76dd490 Exception <a 'java/io/FileNotFoundException'{0x0000000086ba7f70}> (0x0000000086ba7f70) 
thrown [s\open\src\hotspot\share\prims\jni.cpp, line 520]
Event: 3510.032 Thread 0x000002d3d76dd490 Exception <a 'java/io/FileNotFoundException'{0x000000008afbd758}> (0x000000008afbd758) 
thrown [s\open\src\hotspot\share\prims\jni.cpp, line 520]
Event: 3510.033 Thread 0x000002d3d76dd490 Exception <a 'java/io/FileNotFoundException'{0x000000008afc8af8}> (0x000000008afc8af8) 
thrown [s\open\src\hotspot\share\prims\jni.cpp, line 520]
Event: 3510.035 Thread 0x000002d3d76dd490 Exception <a 'java/io/FileNotFoundException'{0x000000008afd2cb0}> (0x000000008afd2cb0) 
thrown [s\open\src\hotspot\share\prims\jni.cpp, line 520]
Event: 3510.037 Thread 0x000002d3d76dd490 Exception <a 'java/io/FileNotFoundException'{0x000000008afdceb0}> (0x000000008afdceb0) 
thrown [s\open\src\hotspot\share\prims\jni.cpp, line 520]
Event: 3510.247 Thread 0x000002d3d76dd490 Exception <a 'sun/nio/fs/WindowsException'{0x0000000088336a18}> (0x0000000088336a18) 
thrown [s\open\src\hotspot\share\prims\jni.cpp, line 520]
Event: 3510.259 Thread 0x000002d3d76dd490 Exception <a 'sun/nio/fs/WindowsException'{0x0000000088342ed8}> (0x0000000088342ed8) 
thrown [s\open\src\hotspot\share\prims\jni.cpp, line 520]
Event: 3510.276 Thread 0x000002d3d76dd490 Exception <a 'sun/nio/fs/WindowsException'{0x0000000088350e68}> (0x0000000088350e68) 
thrown [s\open\src\hotspot\share\prims\jni.cpp, line 520]
Event: 3510.530 Thread 0x000002d3d76dd490 Exception <a 'java/net/BindException'{0x00000000882c8120}: Address already in use: bind> (0x00000000882c8120) 
thrown [s\open\src\hotspot\share\prims\jni.cpp, line 539]

ZGC Phase Switch (0 events):
No events

VM Operations (20 events):
Event: 3513.584 Executing VM operation: G1CollectForAllocation (G1 Evacuation Pause) done
Event: 3514.595 Executing VM operation: Cleanup
Event: 3514.595 Executing VM operation: Cleanup done
Event: 3515.605 Executing VM operation: Cleanup
Event: 3515.605 Executing VM operation: Cleanup done
Event: 3545.901 Executing VM operation: Cleanup
Event: 3545.901 Executing VM operation: Cleanup done
Event: 3547.721 Executing VM operation: HandshakeAllThreads (HandshakeForDeflation)
Event: 3547.721 Executing VM operation: HandshakeAllThreads (HandshakeForDeflation) done
Event: 3547.722 Executing VM operation: RendezvousGCThreads
Event: 3547.722 Executing VM operation: RendezvousGCThreads done
Event: 3576.014 Executing VM operation: Cleanup
Event: 3576.024 Executing VM operation: Cleanup done
Event: 3668.771 Executing VM operation: Cleanup
Event: 3668.773 Executing VM operation: Cleanup done
Event: 3762.460 Executing VM operation: Cleanup
Event: 3762.462 Executing VM operation: Cleanup done
Event: 3784.866 Executing VM operation: G1CollectForAllocation (G1 Evacuation Pause)
Event: 3785.777 Executing VM operation: G1CollectForAllocation (G1 Evacuation Pause) done
Event: 3788.108 Executing VM operation: G1PauseRemark

Events (20 events):
Event: 3514.478 Thread 0x000002d3d734d130 Thread added: 0x000002d3d734d130
Event: 3514.479 Thread 0x000002d3d734b060 Thread added: 0x000002d3d734b060
Event: 3514.480 Thread 0x000002d3d734eb70 Thread added: 0x000002d3d734eb70
Event: 3514.480 Thread 0x000002d3d734de50 Thread added: 0x000002d3d734de50
Event: 3514.481 Thread 0x000002d3d734b6f0 Thread added: 0x000002d3d734b6f0
Event: 3514.481 Thread 0x000002d3d734c410 Thread added: 0x000002d3d734c410
Event: 3514.482 Thread 0x000002d3d73512d0 Thread added: 0x000002d3d73512d0
Event: 3514.483 Thread 0x000002d3d7350c40 Thread added: 0x000002d3d7350c40
Event: 3514.483 Thread 0x000002d3d7351960 Thread added: 0x000002d3d7351960
Event: 3514.483 Thread 0x000002d3d7351ff0 Thread added: 0x000002d3d7351ff0
Event: 3514.983 Thread 0x000002d3d7352680 Thread added: 0x000002d3d7352680
Event: 3514.983 Thread 0x000002d3d734f200 Thread added: 0x000002d3d734f200
Event: 3515.169 Thread 0x000002d3d76dd490 Thread exited: 0x000002d3d76dd490
Event: 3515.173 Thread 0x000002d3d76e29e0 Thread exited: 0x000002d3d76e29e0
Event: 3544.505 Thread 0x000002d3d734f890 Thread added: 0x000002d3d734f890
Event: 3544.506 Thread 0x000002d3d734ff20 Thread added: 0x000002d3d734ff20
Event: 3575.100 Thread 0x000002d3d76e3700 Thread exited: 0x000002d3d76e3700
Event: 3790.144 Thread 0x000002d38fc3fde0 flushing nmethod 0x000002d38868a510
Event: 3790.144 Thread 0x000002d38fc3fde0 flushing nmethod 0x000002d388960210
Event: 3790.145 Thread 0x000002d38fc3fde0 flushing nmethod 0x000002d38912e810


Dynamic libraries:
0x00007ff68b760000 - 0x00007ff68b770000 	C:\Program Files\Java\jdk-21.0.10\bin\java.exe
0x00007ffbbb740000 - 0x00007ffbbb9a7000 	C:\WINDOWS\SYSTEM32\ntdll.dll
0x00007ffbb96c0000 - 0x00007ffbb9789000 	C:\WINDOWS\System32\KERNEL32.DLL
0x00007ffbb8440000 - 0x00007ffbb8834000 	C:\WINDOWS\System32\KERNELBASE.dll
0x00007ffbb80c0000 - 0x00007ffbb820b000 	C:\WINDOWS\System32\ucrtbase.dll
0x00007ffba20b0000 - 0x00007ffba20ce000 	C:\Program Files\Java\jdk-21.0.10\bin\VCRUNTIME140.dll
0x00007ffbb3710000 - 0x00007ffbb3729000 	C:\Program Files\Java\jdk-21.0.10\bin\jli.dll
0x00007ffbb9c50000 - 0x00007ffbb9d06000 	C:\WINDOWS\System32\ADVAPI32.dll
0x00007ffbba020000 - 0x00007ffbba0c9000 	C:\WINDOWS\System32\msvcrt.dll
0x00007ffbb9e30000 - 0x00007ffbb9ed7000 	C:\WINDOWS\System32\sechost.dll
0x00007ffbb9d10000 - 0x00007ffbb9e28000 	C:\WINDOWS\System32\RPCRT4.dll
0x00007ffbba6a0000 - 0x00007ffbba865000 	C:\WINDOWS\System32\USER32.dll
0x00007ffb8f590000 - 0x00007ffb8f823000 	C:\WINDOWS\WinSxS\amd64_microsoft.windows.common-controls_6595b64144ccf1df_6.0.26100.8115_none_3e075c82e3354f9c\COMCTL32.dll
0x00007ffbb8840000 - 0x00007ffbb8867000 	C:\WINDOWS\System32\win32u.dll
0x00007ffbba870000 - 0x00007ffbba89b000 	C:\WINDOWS\System32\GDI32.dll
0x00007ffbb9310000 - 0x00007ffbb943b000 	C:\WINDOWS\System32\gdi32full.dll
0x00007ffbb8010000 - 0x00007ffbb80b3000 	C:\WINDOWS\System32\msvcp_win.dll
0x00007ffba6630000 - 0x00007ffba663b000 	C:\WINDOWS\SYSTEM32\VERSION.dll
0x00007ffbb9a80000 - 0x00007ffbb9ab2000 	C:\WINDOWS\System32\IMM32.DLL
0x00007ffba2020000 - 0x00007ffba202c000 	C:\Program Files\Java\jdk-21.0.10\bin\vcruntime140_1.dll
0x00007ffb9bb10000 - 0x00007ffb9bb9d000 	C:\Program Files\Java\jdk-21.0.10\bin\msvcp140.dll
0x00007ffaf03b0000 - 0x00007ffaf10d7000 	C:\Program Files\Java\jdk-21.0.10\bin\server\jvm.dll
0x00007ffbba210000 - 0x00007ffbba290000 	C:\WINDOWS\System32\WS2_32.dll
0x00007ffbb7e70000 - 0x00007ffbb7ece000 	C:\WINDOWS\SYSTEM32\POWRPROF.dll
0x00007ffba0f70000 - 0x00007ffba0fa6000 	C:\WINDOWS\SYSTEM32\WINMM.dll
0x00007ffbb7e50000 - 0x00007ffbb7e64000 	C:\WINDOWS\SYSTEM32\UMPDC.dll
0x00007ffbb6da0000 - 0x00007ffbb6dbb000 	C:\WINDOWS\SYSTEM32\kernel.appcore.dll
0x00007ffba2010000 - 0x00007ffba201a000 	C:\Program Files\Java\jdk-21.0.10\bin\jimage.dll
0x00007ffbb5cb0000 - 0x00007ffbb5ef2000 	C:\WINDOWS\SYSTEM32\DBGHELP.DLL
0x00007ffbba2b0000 - 0x00007ffbba632000 	C:\WINDOWS\System32\combase.dll
0x00007ffbba0d0000 - 0x00007ffbba1a8000 	C:\WINDOWS\System32\OLEAUT32.dll
0x00007ffba56b0000 - 0x00007ffba56eb000 	C:\WINDOWS\SYSTEM32\dbgcore.DLL
0x00007ffbb8870000 - 0x00007ffbb8915000 	C:\WINDOWS\System32\bcryptPrimitives.dll
0x00007ffba1fe0000 - 0x00007ffba2001000 	C:\Program Files\Java\jdk-21.0.10\bin\java.dll
0x00007ffbba920000 - 0x00007ffbbb087000 	C:\WINDOWS\System32\SHELL32.dll
0x00007ffbb82d0000 - 0x00007ffbb843a000 	C:\WINDOWS\System32\wintypes.dll
0x00007ffbb8aa0000 - 0x00007ffbb9308000 	C:\WINDOWS\System32\windows.storage.dll
0x00007ffbb9980000 - 0x00007ffbb9a78000 	C:\WINDOWS\System32\SHCORE.dll
0x00007ffbb9ee0000 - 0x00007ffbb9f46000 	C:\WINDOWS\System32\shlwapi.dll
0x00007ffbb7f30000 - 0x00007ffbb7f59000 	C:\WINDOWS\SYSTEM32\profapi.dll
0x00007ffba1f30000 - 0x00007ffba1f41000 	C:\Program Files\Java\jdk-21.0.10\bin\net.dll
0x00007ffbad5e0000 - 0x00007ffbad70d000 	C:\WINDOWS\SYSTEM32\WINHTTP.dll
0x00007ffbb7310000 - 0x00007ffbb737c000 	C:\WINDOWS\system32\mswsock.dll
0x00007ffb9ed30000 - 0x00007ffb9ed46000 	C:\Program Files\Java\jdk-21.0.10\bin\nio.dll
0x00007ffb9baf0000 - 0x00007ffb9bb08000 	C:\Program Files\Java\jdk-21.0.10\bin\zip.dll
0x00007ffb9bc10000 - 0x00007ffb9bc1a000 	C:\Program Files\Java\jdk-21.0.10\bin\management.dll
0x00007ffb9bbf0000 - 0x00007ffb9bbfc000 	C:\Program Files\Java\jdk-21.0.10\bin\management_ext.dll
0x00007ffbba1b0000 - 0x00007ffbba1b8000 	C:\WINDOWS\System32\PSAPI.DLL
0x00007ffbb67b0000 - 0x00007ffbb67e2000 	C:\WINDOWS\SYSTEM32\IPHLPAPI.DLL
0x00007ffbb9f50000 - 0x00007ffbb9f5a000 	C:\WINDOWS\System32\NSI.dll
0x00007ffbb6850000 - 0x00007ffbb6982000 	C:\WINDOWS\SYSTEM32\DNSAPI.dll
0x00007ffb9ed20000 - 0x00007ffb9ed2e000 	C:\Program Files\Java\jdk-21.0.10\bin\sunmscapi.dll
0x00007ffbb8920000 - 0x00007ffbb8a97000 	C:\WINDOWS\System32\CRYPT32.dll
0x00007ffbb7810000 - 0x00007ffbb7840000 	C:\WINDOWS\SYSTEM32\ncrypt.dll
0x00007ffbb77c0000 - 0x00007ffbb77ff000 	C:\WINDOWS\SYSTEM32\NTASN1.dll
0x00007ffbb75f0000 - 0x00007ffbb760b000 	C:\WINDOWS\SYSTEM32\CRYPTSP.dll
0x00007ffbb6d00000 - 0x00007ffbb6d39000 	C:\WINDOWS\system32\rsaenh.dll
0x00007ffbb73c0000 - 0x00007ffbb73f3000 	C:\WINDOWS\SYSTEM32\USERENV.dll
0x00007ffbb7f00000 - 0x00007ffbb7f2a000 	C:\WINDOWS\SYSTEM32\bcrypt.dll
0x00007ffbb7610000 - 0x00007ffbb761c000 	C:\WINDOWS\SYSTEM32\CRYPTBASE.dll
0x00007ffba6e90000 - 0x00007ffba6e9b000 	C:\Windows\System32\rasadhlp.dll
0x00007ffbae870000 - 0x00007ffbae8f6000 	C:\WINDOWS\System32\fwpuclnt.dll
0x00007ffba1db0000 - 0x00007ffba1db9000 	C:\Program Files\Java\jdk-21.0.10\bin\extnet.dll
0x00007ffba1f20000 - 0x00007ffba1f30000 	C:\Program Files\Java\jdk-21.0.10\bin\verify.dll
0x00007ffbb36f0000 - 0x00007ffbb36f8000 	C:\WINDOWS\system32\wshunix.dll

dbghelp: loaded successfully - version: 4.0.5 - missing functions: none
symbol engine: initialized successfully - sym options: 0x614 - pdb path: .;C:\Program Files\Java\jdk-21.0.10\bin;C:\WINDOWS\SYSTEM32;C:\WINDOWS\WinSxS\amd64_microsoft.windows.common-controls_6595b64144ccf1df_6.0.26100.8115_none_3e075c82e3354f9c;C:\Program Files\Java\jdk-21.0.10\bin\server

VM Arguments:
jvm_args: -XX:TieredStopAtLevel=1 
java_command: com.inmobiliaria.notification_service.Application
java_class_path (initial): D:\Users\usuario\GitHub\Group-C_Droca-Inmob_Backend\notification-service\target\classes;C:\Users\usuario\.m2\repository\ch\qos\logback\logback-classic\1.5.32\logback-classic-1.5.32.jar;C:\Users\usuario\.m2\repository\ch\qos\logback\logback-core\1.5.32\logback-core-1.5.32.jar;C:\Users\usuario\.m2\repository\org\apache\logging\log4j\log4j-to-slf4j\2.24.3\log4j-to-slf4j-2.24.3.jar;C:\Users\usuario\.m2\repository\org\apache\logging\log4j\log4j-api\2.24.3\log4j-api-2.24.3.jar;C:\Users\usuario\.m2\repository\org\slf4j\jul-to-slf4j\2.0.17\jul-to-slf4j-2.0.17.jar;C:\Users\usuario\.m2\repository\jakarta\annotation\jakarta.annotation-api\2.1.1\jakarta.annotation-api-2.1.1.jar;C:\Users\usuario\.m2\repository\org\yaml\snakeyaml\2.4\snakeyaml-2.4.jar;C:\Users\usuario\.m2\repository\org\springframework\boot\spring-boot-actuator-autoconfigure\3.5.13\spring-boot-actuator-autoconfigure-3.5.13.jar;C:\Users\usuario\.m2\repository\org\springframework\boot\spring-boot-actuator\3.5.13\spring-boot-actuator-3.5.13.jar;C:\Users\usuario\.m2\repository\com\fasterxml\jackson\core\jackson-databind\2.21.2\jackson-databind-2.21.2.jar;C:\Users\usuario\.m2\repository\com\fasterxml\jackson\datatype\jackson-datatype-jsr310\2.21.2\jackson-datatype-jsr310-2.21.2.jar;C:\Users\usuario\.m2\repository\io\micrometer\micrometer-observation\1.15.10\micrometer-observation-1.15.10.jar;C:\Users\usuario\.m2\repository\io\micrometer\micrometer-commons\1.15.10\micrometer-commons-1.15.10.jar;C:\Users\usuario\.m2\repository\io\micrometer\micrometer-jakarta9\1.15.10\micrometer-jakarta9-1.15.10.jar;C:\Users\usuario\.m2\repository\io\micrometer\micrometer-core\1.15.10\micrometer-core-1.15.10.jar;C:\Users\usuario\.m2\repository\org\hdrhistogram\HdrHistogram\2.2.2\HdrHistogram-2.2.2.jar;C:\Users\usuario\.m2\repository\org\latencyutils\LatencyUtils\2.0.3\LatencyUtils-2.0.3.jar;C:\Users\usuario\.m2\repository\org\mongodb\mongodb-driver-sync\5.5.2\mongodb-driver-sync-5.5.2.jar;C:\Users\usuario\.m2\repository\org\mongodb\bson\5.5.2\bson-5.5.2.jar;C:\Users\usuario\.m2\repository\org\mongodb\mongodb-driver-core\5.5.2\mongodb-driver-core-5.5.2.jar;C:\Users\usuario\.m2\repository\org\mongodb\bson-record-codec\5.5.2\bson-record-codec-5.5.2.jar;C:\Users\usuario\.m2\repository\org\springframework\data\spring-data-mongodb\4.5.10\spring-data-mongodb-4.5.10.jar;C:\Users\usuario\.m2\repository\org\springframework\spring-tx\6.2.17\spring-tx-6.2.17.jar;C:\Users\usuario\.m2\repository\org\springframework\spring-context\6.2.17\spring-context-6.2.17.jar;C:\Users\usuario\.m2\repository\org\springframework\spring-beans\6.2.17\spring-beans-6.2.17.jar;C:\Users\usuario\.m2\repository\org\springframework\spring-expression\6.2.17\spring-expression-6.2.17.jar;C:\Users\usuario\.m2\repository\org\springframework\data\spring-data-commons\3.5.10\spring-data-commons-3.5.10.jar;C:\Users\usuario\.m2\repository\org\slf4j\slf4j-api\2.0.17\slf4j-api-2.0.17.jar;C:\Users\usuario\.m2\repository\org\springframework\spring-context-support\6.2.17\spring-context-support-6.2.17.jar;C:\Users\usuario\.m2\repository\org\eclipse\angus\jakarta.mail\2.0.5\jakarta.mail-2.0.5.jar;C:\Users\usuario\.m2\repository\jakarta\activation\jakarta.activation-api\2.1.4\jakarta.activation-api-2.1.4.jar;C:\Users\usuario\.m2\repository\org\eclipse\angus\angus-activation\2.0.3\angus-activation-2.0.3.jar;C:\Users\usuario\.m2\repository\org\apache\tomcat\embed\tomcat-embed-el\10.1.53\tomcat-embed-el-10.1.53.jar;C:\Users\usuario\.m2\repository\org\hibernate\validator\hibernate-validator\8.0.3.Final\hibernate-validator-8.0.3.Final.jar;C:\Users\usuario\.m2\repository\jakarta\validation\jakarta.validation-api\3.0.2\jakarta.validation-api-3.0.2.jar;C:\Users\usuario\.m2\repository\org\jboss\logging\jboss-logging\3.6.3.Final\jboss-logging-3.6.3.Final.jar;C:\Users\usuario\.m2\repository\com\fasterxml\classmate\1.7.3\classmate-1.7.3.jar;C:\Users\usuario\.m2\repository\com\fasterxml\jackson\datatype\jackson-datatype-jdk8\2.21.2\jackson-datatype-jdk8-2.21.2.jar;C:\Users\usuario\.m2\repository\com\fasterxml\jackson\module\jackson-module-parameter-names\2.21.2\jackson-module-parameter-names-2.21.2.jar;C:\Users\usuario\.m2\repository\org\apache\tomcat\embed\tomcat-embed-core\10.1.53\tomcat-embed-core-10.1.53.jar;C:\Users\usuario\.m2\repository\org\apache\tomcat\embed\tomcat-embed-websocket\10.1.53\tomcat-embed-websocket-10.1.53.jar;C:\Users\usuario\.m2\repository\org\springframework\spring-web\6.2.17\spring-web-6.2.17.jar;C:\Users\usuario\.m2\repository\org\springframework\spring-webmvc\6.2.17\spring-webmvc-6.2.17.jar;C:\Users\usuario\.m2\repository\org\springframework\spring-aop\6.2.17\spring-aop-6.2.17.jar;C:\Users\usuario\.m2\repository\org\springframework\cloud\spring-cloud-starter-netflix-eureka-client\4.3.1\spring-cloud-starter-netflix-eureka-client-4.3.1.jar;C:\Users\usuario\.m2\repository\org\springframework\cloud\spring-cloud-starter\4.3.1\spring-cloud-starter-4.3.1.jar;C:\Users\usuario\.m2\repository\org\springframework\cloud\spring-cloud-context\4.3.1\spring-cloud-context-4.3.1.jar;C:\Users\usuario\.m2\repository\org\springframework\security\spring-security-crypto\6.5.9\spring-security-crypto-6.5.9.jar;C:\Users\usuario\.m2\repository\org\springframework\cloud\spring-cloud-commons\4.3.1\spring-cloud-commons-4.3.1.jar;C:\Users\usuario\.m2\repository\org\bouncycastle\bcprov-jdk18on\1.80\bcprov-jdk18on-1.80.jar;C:\Users\usuario\.m2\repository\org\springframework\cloud\spring-cloud-netflix-eureka-client\4.3.1\spring-cloud-netflix-eureka-client-4.3.1.jar;C:\Users\usuario\.m2\repository\org\apache\httpcomponents\client5\httpclient5\5.5.2\httpclient5-5.5.2.jar;C:\Users\usuario\.m2\repository\org\apache\httpcomponents\core5\httpcore5\5.3.6\httpcore5-5.3.6.jar;C:\Users\usuario\.m2\repository\org\apache\httpcomponents\core5\httpcore5-h2\5.3.6\httpcore5-h2-5.3.6.jar;C:\Users\usuario\.m2\repository\com\netflix\eureka\eureka-client\2.0.5\eureka-client-2.0.5.jar;C:\Users\usuario\.m2\repository\com\thoughtworks\xstream\xstream\1.4.21\xstream-1.4.21.jar;C:\Users\usuario\.m2\repository\io\github\x-stream\mxparser\1.2.2\mxparser-1.2.2.jar;C:\Users\usuario\.m2\repository\xmlpull\xmlpull\1.1.3.1\xmlpull-1.1.3.1.jar;C:\Users\usuario\.m2\repository\jakarta\ws\rs\jakarta.ws.rs-api\3.1.0\jakarta.ws.rs-api-3.1.0.jar;C:\Users\usuario\.m2\repository\jakarta\inject\jakarta.inject-api\2.0.1\jakarta.inject-api-2.0.1.jar;C:\Users\usuario\.m2\repository\com\netflix\spectator\spectator-api\1.7.3\spectator-api-1.7.3.jar;C:\Users\usuario\.m2\repository\org\apache\httpcomponents\httpclient\4.5.3\httpclient-4.5.3.jar;C:\Users\usuario\.m2\repository\org\apache\httpcomponents\httpcore\4.4.16\httpcore-4.4.16.jar;C:\Users\usuario\.m2\repository\commons-codec\commons-codec\1.18.0\commons-codec-1.18.0.jar;C:\Users\usuario\.m2\repository\commons-configuration\commons-configuration\1.10\commons-configuration-1.10.jar;C:\Users\usuario\.m2\repository\commons-lang\commons-lang\2.6\commons-lang-2.6.jar;C:\Users\usuario\.m2\repository\com\fasterxml\jackson\core\jackson-annotations\2.21\jackson-annotations-2.21.jar;C:\Users\usuario\.m2\repository\com\fasterxml\jackson\core\jackson-core\2.21.2\jackson-core-2.21.2.jar;C:\Users\usuario\.m2\repository\com\netflix\netflix-commons\netflix-eventbus\0.3.0\netflix-eventbus-0.3.0.jar;C:\Users\usuario\.m2\repository\com\netflix\netflix-commons\netflix-infix\0.3.0\netflix-infix-0.3.0.jar;C:\Users\usuario\.m2\repository\commons-jxpath\commons-jxpath\1.3\commons-jxpath-1.3.jar;C:\Users\usuario\.m2\repository\joda-time\joda-time\2.3\joda-time-2.3.jar;C:\Users\usuario\.m2\repository\org\antlr\antlr-runtime\3.4\antlr-runtime-3.4.jar;C:\Users\usuario\.m2\repository\org\antlr\stringtemplate\3.2.1\stringtemplate-3.2.1.jar;C:\Users\usuario\.m2\repository\antlr\antlr\2.7.7\antlr-2.7.7.jar;C:\Users\usuario\.m2\repository\com\google\code\gson\gson\2.13.2\gson-2.13.2.jar;C:\Users\usuario\.m2\repository\com\google\errorprone\error_prone_annotations\2.41.0\error_prone_annotations-2.41.0.jar;C:\Users\usuario\.m2\repository\com\netflix\servo\servo-core\0.5.3\servo-core-0.5.3.jar;C:\Users\usuario\.m2\repository\org\apache\commons\commons-math\2.2\commons-math-2.2.jar;C:\Users\usuario\.m2\repository\javax\annotation\javax.annotation-api\1.2\javax.annotation-api-1.2.jar;C:\Users\usuario\.m2\repository\org\codehaus\jettison\jettison\1.5.4\jettison-1.5.4.jar;C:\Users\usuario\.m2\repository\org\springframework\cloud\spring-cloud-starter-loadbalancer\4.3.1\spring-cloud-starter-loadbalancer-4.3.1.jar;C:\Users\usuario\.m2\repository\org\springframework\cloud\spring-cloud-loadbalancer\4.3.1\spring-cloud-loadbalancer-4.3.1.jar;C:\Users\usuario\.m2\repository\io\projectreactor\reactor-core\3.7.17\reactor-core-3.7.17.jar;C:\Users\usuario\.m2\repository\org\reactivestreams\reactive-streams\1.0.4\reactive-streams-1.0.4.jar;C:\Users\usuario\.m2\repository\io\projectreactor\addons\reactor-extra\3.5.4\reactor-extra-3.5.4.jar;C:\Users\usuario\.m2\repository\com\stoyanr\evictor\1.0.0\evictor-1.0.0.jar;C:\Users\usuario\.m2\repository\org\springframework\boot\spring-boot-devtools\3.5.13\spring-boot-devtools-3.5.13.jar;C:\Users\usuario\.m2\repository\org\springframework\boot\spring-boot\3.5.13\spring-boot-3.5.13.jar;C:\Users\usuario\.m2\repository\org\springframework\boot\spring-boot-autoconfigure\3.5.13\spring-boot-autoconfigure-3.5.13.jar;C:\Users\usuario\.m2\repository\org\projectlombok\lombok\1.18.44\lombok-1.18.44.jar;C:\Users\usuario\.m2\repository\jakarta\xml\bind\jakarta.xml.bind-api\4.0.4\jakarta.xml.bind-api-4.0.4.jar;C:\Users\usuario\.m2\repository\org\springframework\spring-core\6.2.17\spring-core-6.2.17.jar;C:\Users\usuario\.m2\repository\org\springframework\spring-jcl\6.2.17\spring-jcl-6.2.17.jar;C:\Users\usuario\.m2\repository\org\springdoc\springdoc-openapi-starter-webmvc-ui\2.8.5\springdoc-openapi-starter-webmvc-ui-2.8.5.jar;C:\Users\usuario\.m2\repository\org\springdoc\springdoc-openapi-starter-webmvc-api\2.8.5\springdoc-openapi-starter-webmvc-api-2.8.5.jar;C:\Users\usuario\.m2\repository\org\springdoc\springdoc-openapi-starter-common\2.8.5\springdoc-openapi-starter-common-2.8.5.jar;C:\Users\usuario\.m2\repository\io\swagger\core\v3\swagger-core-jakarta\2.2.28\swagger-core-jakarta-2.2.28.jar;C:\Users\usuario\.m2\repository\org\apache\commons\commons-lang3\3.17.0\commons-lang3-3.17.0.jar;C:\Users\usuario\.m2\repository\io\swagger\core\v3\swagger-annotations-jakarta\2.2.28\swagger-annotations-jakarta-2.2.28.jar;C:\Users\usuario\.m2\repository\io\swagger\core\v3\swagger-models-jakarta\2.2.28\swagger-models-jakarta-2.2.28.jar;C:\Users\usuario\.m2\repository\com\fasterxml\jackson\dataformat\jackson-dataformat-yaml\2.21.2\jackson-dataformat-yaml-2.21.2.jar;C:\Users\usuario\.m2\repository\org\webjars\swagger-ui\5.18.3\swagger-ui-5.18.3.jar;C:\Users\usuario\.m2\repository\org\webjars\webjars-locator-lite\1.1.3\webjars-locator-lite-1.1.3.jar;C:\Users\usuario\.m2\repository\org\jspecify\jspecify\1.0.0\jspecify-1.0.0.jar
Launcher Type: SUN_STANDARD

[Global flags]
     intx CICompilerCount                          = 4                                         {product} {ergonomic}
     uint ConcGCThreads                            = 2                                         {product} {ergonomic}
     uint G1ConcRefinementThreads                  = 8                                         {product} {ergonomic}
   size_t G1HeapRegionSize                         = 1048576                                   {product} {ergonomic}
    uintx GCDrainStackTargetSize                   = 64                                        {product} {ergonomic}
   size_t InitialHeapSize                          = 132120576                                 {product} {ergonomic}
   size_t MarkStackSize                            = 4194304                                   {product} {ergonomic}
   size_t MaxHeapSize                              = 2095054848                                {product} {ergonomic}
   size_t MaxNewSize                               = 1256194048                                {product} {ergonomic}
   size_t MinHeapDeltaBytes                        = 1048576                                   {product} {ergonomic}
   size_t MinHeapSize                              = 8388608                                   {product} {ergonomic}
    uintx NonNMethodCodeHeapSize                   = 4096                                   {pd product} {ergonomic}
    uintx NonProfiledCodeHeapSize                  = 0                                      {pd product} {ergonomic}
     bool ProfileInterpreter                       = false                                  {pd product} {command line}
    uintx ProfiledCodeHeapSize                     = 0                                      {pd product} {ergonomic}
   size_t SoftMaxHeapSize                          = 2095054848                             {manageable} {ergonomic}
     intx TieredStopAtLevel                        = 1                                         {product} {command line}
     bool UseCompressedOops                        = true                           {product lp64_product} {ergonomic}
     bool UseG1GC                                  = true                                      {product} {ergonomic}
     bool UseLargePagesIndividualAllocation        = false                                  {pd product} {ergonomic}

Logging:
Log output configuration:
 #0: stdout all=warning uptime,level,tags foldmultilines=false
 #1: stderr all=off uptime,level,tags foldmultilines=false

Environment Variables:
PATH=D:\Users\usuario\GitHub\Runner_Taller_Desarrollo\node_modules\.bin;D:\Users\usuario\GitHub\node_modules\.bin;D:\Users\usuario\node_modules\.bin;D:\Users\node_modules\.bin;D:\node_modules\.bin;C:\Users\usuario\AppData\Roaming\npm\node_modules\npm\node_modules\@npmcli\run-script\lib\node-gyp-bin;C:\Program Files\WindowsApps\Microsoft.PowerShell_7.6.1.0_x64__8wekyb3d8bbwe;C:\Program Files\Common Files\Oracle\Java\javapath;C:\Program Files (x86)\Common Files\Oracle\Java\java8path;C:\Program Files (x86)\Common Files\Oracle\Java\javapath;C:\Windows;C:\Windows\System32\Wbem;C:\Windows\System32\WindowsPowerShell\v1.0\;C:\Windows\System32\OpenSSH\;C:\Program Files (x86)\NVIDIA Corporation\PhysX\Common;C:\Program Files\NVIDIA Corporation\NVIDIA NvDLISR;C:\WINDOWS\system32;C:\WINDOWS;C:\WINDOWS\System32\Wbem;C:\WINDOWS\System32\WindowsPowerShell\v1.0\;C:\WINDOWS\System32\OpenSSH\;C:\Program Files\dotnet\;C:\Users\usuario\AppData\Local\Programs\Python\Python311;C:\Users\usuario\anaconda3\Scripts;C:\ProgramData\chocolatey\bin;D:\Program Files\PuTTY\;D:\Users\usuario\dev\flutter\bin;D:\xampp\php;C:\ProgramData\ComposerSetup\bin;D:\Program Files\cursor\resources\app\bin;D:\Program Files\WezTerm;C:\Program Files\Git\cmd;D:\Users\usuario\AppData\Local\Android\Sdk\emulator;C:\Program Files\PowerShell\7\;C:\Program Files\nodejs\;C:\ProgramData\chocolatey\lib\maven\apache-maven-3.9.14\bin;D:\msys64\mingw64\bin;;D:\Program Files\Docker\resources\bin;C:\Users\usuario\.cargo\bin;C:\Users\usuario\AppData\Local\Programs\Python\Python314\Scripts\;C:\Users\usuario\AppData\Local\Programs\Python\Python314\;C:\Users\usuario\.bun\bin;C:\Users\usuario\AppData\Local\GitHubDesktop\bin;C:\Users\usuario\AppData\Local\Python\bin;C:\Users\usuario\AppData\Local\Programs\Microsoft VS Code\bin;D:\Users\usuario\AppData\Local\Programs\Antigravity\bin;D:\msys64\mingw64\bin;
USERNAME=usuario
OS=Windows_NT
PROCESSOR_IDENTIFIER=Intel64 Family 6 Model 165 Stepping 2, GenuineIntel
TMP=C:\Users\usuario\AppData\Local\Temp
TEMP=C:\Users\usuario\AppData\Local\Temp




Periodic native trim disabled

---------------  S Y S T E M  ---------------

OS:
 Windows 11 , 64 bit Build 26100 (10.0.26100.8246)
OS uptime: 0 days 1:16 hours
Hyper-V role detected

CPU: total 8 (initial active 8) (4 cores per cpu, 2 threads per core) family 6 model 165 stepping 2 microcode 0xfc, cx8, cmov, fxsr, ht, mmx, 3dnowpref, sse, sse2, sse3, ssse3, sse4.1, sse4.2, popcnt, lzcnt, tsc, tscinvbit, avx, avx2, aes, erms, clmul, bmi1, bmi2, adx, fma, vzeroupper, clflush, clflushopt, hv, rdtscp, f16c
Processor Information for all 8 processors :
  Max Mhz: 2496, Current Mhz: 2496, Mhz Limit: 2496

Memory: 4k page, system-wide physical 7985M (296M free)
TotalPageFile size 32561M (AvailPageFile size 0M)
current process WorkingSet (physical memory assigned to process): 136M, peak: 210M
current process commit charge ("private bytes"): 276M, peak: 284M

vm_info: Java HotSpot(TM) 64-Bit Server VM (21.0.10+8-LTS-217) for windows-amd64 JRE (21.0.10+8-LTS-217), built on 2025-12-18T14:59:28Z by "mach5run" with MS VC++ 17.13 (VS2022)

END.
